INFO:     Will watch for changes in these directories: ['/app/multichain-chainflip/backend']
INFO:     Uvicorn running on http://0.0.0.0:8001 (Press CTRL+C to quit)
INFO:     Started reloader process [2042] using WatchFiles
INFO:     Started server process [2070]
INFO:     Waiting for application startup.
🚀 ChainFLIP Multi-Chain Backend Starting...
🔗 Initializing MongoDB connection...
MongoDB URL: mongodb://localhost:27017
Database name: chainflip_multichain
✅ Successfully connected to MongoDB!
Existing collections: ['qr_codes', 'anomalies', 'fl_models', 'transactions', 'cross_chain_messages', 'transport_logs', 'products', 'counterfeits', 'participants']
📋 Collection already exists: products
📋 Collection already exists: transactions
📋 Collection already exists: participants
📋 Collection already exists: fl_models
📋 Collection already exists: qr_codes
📋 Collection already exists: transport_logs
📋 Collection already exists: anomalies
📋 Collection already exists: counterfeits
📋 Collection already exists: cross_chain_messages
📊 Creating database indexes...
✅ Database indexes created successfully
📊 Database initialized: AsyncIOMotorDatabase(Database(MongoClient(host=['localhost:27017'], document_class=dict, tz_aware=False, connect=False, driver=DriverInfo(name='Motor', version='3.6.0', platform='asyncio')), 'chainflip_multichain'))
🔗 Initializing Multi-Chain Blockchain Service...
✅ Connected to Polygon PoS (Chain ID: 80002)
✅ Connected to L2 CDK (Chain ID: 2442)
✅ Loaded pos_hub contract
✅ Loaded l2_participant contract
🤖 Initializing Federated Learning Service...
✅ Global FL models initialized
✅ Federated Learning Service initialized
✅ ChainFLIP Backend Initialized Successfully
/root/.venv/lib/python3.11/site-packages/starlette/routing.py:670: RuntimeWarning: coroutine 'get_database' was never awaited
  await handler()
RuntimeWarning: Enable tracemalloc to get the object allocation traceback
INFO:     Application startup complete.
INFO:     127.0.0.1:35474 - "GET /api/health HTTP/1.1" 200 OK
🔗 Initializing Multi-Chain Blockchain Service...
✅ Connected to Polygon PoS (Chain ID: 80002)
✅ Connected to L2 CDK (Chain ID: 2442)
✅ Loaded pos_hub contract
✅ Loaded l2_participant contract
INFO:     127.0.0.1:35482 - "GET /api/blockchain/status HTTP/1.1" 200 OK
INFO:     127.0.0.1:52918 - "GET /api/qr/health HTTP/1.1" 200 OK
INFO:     127.0.0.1:52928 - "GET /api/fl/health HTTP/1.1" 404 Not Found
INFO:     127.0.0.1:60390 - "GET /docs HTTP/1.1" 200 OK
INFO:     127.0.0.1:60396 - "GET /api/federated-learning/health HTTP/1.1" 404 Not Found
INFO:     127.0.0.1:56304 - "GET /api/federated-learning/health HTTP/1.1" 404 Not Found
WARNING:  WatchFiles detected changes in 'app/api/routes/fl_system.py'. Reloading...
INFO:     Shutting down
INFO:     Waiting for application shutdown.
🔄 ChainFLIP Backend Shutting Down...
✅ ChainFLIP Backend Shutdown Complete
INFO:     Application shutdown complete.
INFO:     Finished server process [2070]
INFO:     Started server process [2431]
INFO:     Waiting for application startup.
🚀 ChainFLIP Multi-Chain Backend Starting...
🔗 Initializing MongoDB connection...
MongoDB URL: mongodb://localhost:27017
Database name: chainflip_multichain
✅ Successfully connected to MongoDB!
Existing collections: ['qr_codes', 'anomalies', 'fl_models', 'transactions', 'cross_chain_messages', 'transport_logs', 'products', 'counterfeits', 'participants']
📋 Collection already exists: products
📋 Collection already exists: transactions
📋 Collection already exists: participants
📋 Collection already exists: fl_models
📋 Collection already exists: qr_codes
📋 Collection already exists: transport_logs
📋 Collection already exists: anomalies
📋 Collection already exists: counterfeits
📋 Collection already exists: cross_chain_messages
📊 Creating database indexes...
✅ Database indexes created successfully
📊 Database initialized: AsyncIOMotorDatabase(Database(MongoClient(host=['localhost:27017'], document_class=dict, tz_aware=False, connect=False, driver=DriverInfo(name='Motor', version='3.6.0', platform='asyncio')), 'chainflip_multichain'))
🔗 Initializing Multi-Chain Blockchain Service...
✅ Connected to Polygon PoS (Chain ID: 80002)
✅ Connected to L2 CDK (Chain ID: 2442)
✅ Loaded pos_hub contract
✅ Loaded l2_participant contract
🤖 Initializing Federated Learning Service...
✅ Global FL models initialized
✅ Federated Learning Service initialized
✅ ChainFLIP Backend Initialized Successfully
/root/.venv/lib/python3.11/site-packages/starlette/routing.py:670: RuntimeWarning: coroutine 'get_database' was never awaited
  await handler()
RuntimeWarning: Enable tracemalloc to get the object allocation traceback
INFO:     Application startup complete.
🤖 Initializing Federated Learning Service...
✅ Global FL models initialized
✅ Federated Learning Service initialized
/root/.venv/lib/python3.11/site-packages/starlette/routing.py:73: RuntimeWarning: coroutine 'get_database' was never awaited
  response = await f(request)
RuntimeWarning: Enable tracemalloc to get the object allocation traceback
INFO:     127.0.0.1:50392 - "GET /api/federated-learning/status HTTP/1.1" 200 OK
WARNING:  WatchFiles detected changes in 'app/services/fl_service.py'. Reloading...
INFO:     Shutting down
INFO:     Waiting for application shutdown.
🔄 ChainFLIP Backend Shutting Down...
✅ ChainFLIP Backend Shutdown Complete
INFO:     Application shutdown complete.
INFO:     Finished server process [2431]
INFO:     Started server process [2602]
INFO:     Waiting for application startup.
🚀 ChainFLIP Multi-Chain Backend Starting...
🔗 Initializing MongoDB connection...
MongoDB URL: mongodb://localhost:27017
Database name: chainflip_multichain
✅ Successfully connected to MongoDB!
Existing collections: ['qr_codes', 'anomalies', 'fl_models', 'transactions', 'cross_chain_messages', 'transport_logs', 'products', 'counterfeits', 'participants']
📋 Collection already exists: products
📋 Collection already exists: transactions
📋 Collection already exists: participants
📋 Collection already exists: fl_models
📋 Collection already exists: qr_codes
📋 Collection already exists: transport_logs
📋 Collection already exists: anomalies
📋 Collection already exists: counterfeits
📋 Collection already exists: cross_chain_messages
📊 Creating database indexes...
✅ Database indexes created successfully
📊 Database initialized: AsyncIOMotorDatabase(Database(MongoClient(host=['localhost:27017'], document_class=dict, tz_aware=False, connect=False, driver=DriverInfo(name='Motor', version='3.6.0', platform='asyncio')), 'chainflip_multichain'))
🔗 Initializing Multi-Chain Blockchain Service...
✅ Connected to Polygon PoS (Chain ID: 80002)
✅ Connected to L2 CDK (Chain ID: 2442)
✅ Loaded pos_hub contract
✅ Loaded l2_participant contract
🤖 Initializing Federated Learning Service...
✅ Global FL models initialized
✅ Federated Learning Service initialized
✅ ChainFLIP Backend Initialized Successfully
INFO:     Application startup complete.
🤖 Initializing Federated Learning Service...
✅ Global FL models initialized
✅ Federated Learning Service initialized
INFO:     127.0.0.1:40940 - "GET /api/federated-learning/status HTTP/1.1" 200 OK
INFO:     127.0.0.1:58418 - "GET /api/products/lifecycle/all HTTP/1.1" 404 Not Found
WARNING:  WatchFiles detected changes in 'app/api/routes/products.py'. Reloading...
INFO:     Shutting down
INFO:     Waiting for application shutdown.
🔄 ChainFLIP Backend Shutting Down...
✅ ChainFLIP Backend Shutdown Complete
INFO:     Application shutdown complete.
INFO:     Finished server process [2602]
INFO:     Started server process [2812]
INFO:     Waiting for application startup.
🚀 ChainFLIP Multi-Chain Backend Starting...
🔗 Initializing MongoDB connection...
MongoDB URL: mongodb://localhost:27017
Database name: chainflip_multichain
✅ Successfully connected to MongoDB!
Existing collections: ['qr_codes', 'anomalies', 'fl_models', 'transactions', 'cross_chain_messages', 'transport_logs', 'products', 'counterfeits', 'participants']
📋 Collection already exists: products
📋 Collection already exists: transactions
📋 Collection already exists: participants
📋 Collection already exists: fl_models
📋 Collection already exists: qr_codes
📋 Collection already exists: transport_logs
📋 Collection already exists: anomalies
📋 Collection already exists: counterfeits
📋 Collection already exists: cross_chain_messages
📊 Creating database indexes...
✅ Database indexes created successfully
📊 Database initialized: AsyncIOMotorDatabase(Database(MongoClient(host=['localhost:27017'], document_class=dict, tz_aware=False, connect=False, driver=DriverInfo(name='Motor', version='3.6.0', platform='asyncio')), 'chainflip_multichain'))
🔗 Initializing Multi-Chain Blockchain Service...
✅ Connected to Polygon PoS (Chain ID: 80002)
✅ Connected to L2 CDK (Chain ID: 2442)
✅ Loaded pos_hub contract
✅ Loaded l2_participant contract
🤖 Initializing Federated Learning Service...
✅ Global FL models initialized
✅ Federated Learning Service initialized
✅ ChainFLIP Backend Initialized Successfully
INFO:     Application startup complete.
🔗 Initializing Multi-Chain Blockchain Service...
✅ Connected to Polygon PoS (Chain ID: 80002)
✅ Connected to L2 CDK (Chain ID: 2442)
✅ Loaded pos_hub contract
✅ Loaded l2_participant contract
INFO:     127.0.0.1:33476 - "GET /api/products/ HTTP/1.1" 200 OK
INFO:     127.0.0.1:33490 - "GET /api/analytics/overview HTTP/1.1" 404 Not Found
WARNING:  WatchFiles detected changes in 'app/api/routes/analytics.py'. Reloading...
INFO:     Shutting down
INFO:     Waiting for application shutdown.
🔄 ChainFLIP Backend Shutting Down...
✅ ChainFLIP Backend Shutdown Complete
INFO:     Application shutdown complete.
INFO:     Finished server process [2812]
INFO:     Started server process [3022]
INFO:     Waiting for application startup.
🚀 ChainFLIP Multi-Chain Backend Starting...
🔗 Initializing MongoDB connection...
MongoDB URL: mongodb://localhost:27017
Database name: chainflip_multichain
✅ Successfully connected to MongoDB!
Existing collections: ['qr_codes', 'anomalies', 'fl_models', 'transactions', 'cross_chain_messages', 'transport_logs', 'products', 'counterfeits', 'participants']
📋 Collection already exists: products
📋 Collection already exists: transactions
📋 Collection already exists: participants
📋 Collection already exists: fl_models
📋 Collection already exists: qr_codes
📋 Collection already exists: transport_logs
📋 Collection already exists: anomalies
📋 Collection already exists: counterfeits
📋 Collection already exists: cross_chain_messages
📊 Creating database indexes...
✅ Database indexes created successfully
📊 Database initialized: AsyncIOMotorDatabase(Database(MongoClient(host=['localhost:27017'], document_class=dict, tz_aware=False, connect=False, driver=DriverInfo(name='Motor', version='3.6.0', platform='asyncio')), 'chainflip_multichain'))
🔗 Initializing Multi-Chain Blockchain Service...
✅ Connected to Polygon PoS (Chain ID: 80002)
✅ Connected to L2 CDK (Chain ID: 2442)
✅ Loaded pos_hub contract
✅ Loaded l2_participant contract
🤖 Initializing Federated Learning Service...
✅ Global FL models initialized
✅ Federated Learning Service initialized
✅ ChainFLIP Backend Initialized Successfully
INFO:     Application startup complete.
🔗 Initializing Multi-Chain Blockchain Service...
✅ Connected to Polygon PoS (Chain ID: 80002)
✅ Connected to L2 CDK (Chain ID: 2442)
✅ Loaded pos_hub contract
✅ Loaded l2_participant contract
INFO:     127.0.0.1:46822 - "GET /api/analytics/dashboard HTTP/1.1" 200 OK
INFO:     127.0.0.1:37112 - "GET /api/health HTTP/1.1" 200 OK
INFO:     127.0.0.1:37114 - "GET /api/qr/health HTTP/1.1" 200 OK
INFO:     127.0.0.1:37116 - "GET /api HTTP/1.1" 404 Not Found
🔗 Initializing Multi-Chain Blockchain Service...
✅ Connected to Polygon PoS (Chain ID: 80002)
✅ Connected to L2 CDK (Chain ID: 2442)
✅ Loaded pos_hub contract
✅ Loaded l2_participant contract
INFO:     127.0.0.1:37128 - "GET /api/blockchain/status HTTP/1.1" 200 OK
🔗 Initializing Multi-Chain Blockchain Service...
✅ Connected to Polygon PoS (Chain ID: 80002)
✅ Connected to L2 CDK (Chain ID: 2442)
✅ Loaded pos_hub contract
✅ Loaded l2_participant contract
INFO:     127.0.0.1:37138 - "POST /api/blockchain/participants/register HTTP/1.1" 200 OK
🔗 Initializing Multi-Chain Blockchain Service...
✅ Connected to Polygon PoS (Chain ID: 80002)
✅ Connected to L2 CDK (Chain ID: 2442)
✅ Loaded pos_hub contract
✅ Loaded l2_participant contract
INFO:     127.0.0.1:37140 - "POST /api/blockchain/products/mint HTTP/1.1" 200 OK
🔗 Initializing Multi-Chain Blockchain Service...
✅ Connected to Polygon PoS (Chain ID: 80002)
✅ Connected to L2 CDK (Chain ID: 2442)
✅ Loaded pos_hub contract
✅ Loaded l2_participant contract
INFO:     127.0.0.1:37144 - "GET /api/blockchain/products/17486858695305 HTTP/1.1" 200 OK
🔗 Initializing Multi-Chain Blockchain Service...
✅ Connected to Polygon PoS (Chain ID: 80002)
✅ Connected to L2 CDK (Chain ID: 2442)
✅ Loaded pos_hub contract
✅ Loaded l2_participant contract
INFO:     127.0.0.1:37148 - "POST /api/blockchain/products/transfer HTTP/1.1" 200 OK
🔗 Initializing Multi-Chain Blockchain Service...
✅ Connected to Polygon PoS (Chain ID: 80002)
✅ Connected to L2 CDK (Chain ID: 2442)
✅ Loaded pos_hub contract
✅ Loaded l2_participant contract
INFO:     127.0.0.1:37160 - "GET /api/blockchain/participants/0x032041b4b356fEE1496805DD4749f181bC736FFA/products HTTP/1.1" 200 OK
🔗 Initializing Multi-Chain Blockchain Service...
✅ Connected to Polygon PoS (Chain ID: 80002)
✅ Connected to L2 CDK (Chain ID: 2442)
✅ Loaded pos_hub contract
✅ Loaded l2_participant contract
INFO:     127.0.0.1:37168 - "POST /api/blockchain/cross-chain/message HTTP/1.1" 200 OK
🤖 Initializing Federated Learning Service...
✅ Global FL models initialized
✅ Federated Learning Service initialized
INFO:     127.0.0.1:37176 - "GET /api/federated-learning/status HTTP/1.1" 200 OK
🤖 Initializing Federated Learning Service...
✅ Global FL models initialized
✅ Federated Learning Service initialized
INFO:     127.0.0.1:37192 - "POST /api/federated-learning/detect/anomaly HTTP/1.1" 200 OK
🤖 Initializing Federated Learning Service...
✅ Global FL models initialized
✅ Federated Learning Service initialized
INFO:     127.0.0.1:37208 - "POST /api/federated-learning/detect/counterfeit HTTP/1.1" 200 OK
🤖 Initializing Federated Learning Service...
✅ Global FL models initialized
✅ Federated Learning Service initialized
INFO:     127.0.0.1:37212 - "POST /api/federated-learning/aggregate/anomaly HTTP/1.1" 200 OK
🤖 Initializing Federated Learning Service...
✅ Global FL models initialized
✅ Federated Learning Service initialized
INFO:     127.0.0.1:37228 - "POST /api/federated-learning/aggregate/counterfeit HTTP/1.1" 200 OK
🤖 Initializing Federated Learning Service...
✅ Global FL models initialized
✅ Federated Learning Service initialized
INFO:     127.0.0.1:37240 - "GET /api/federated-learning/models/anomaly/global HTTP/1.1" 200 OK
🤖 Initializing Federated Learning Service...
✅ Global FL models initialized
✅ Federated Learning Service initialized
INFO:     127.0.0.1:37250 - "GET /api/federated-learning/models/counterfeit/global HTTP/1.1" 200 OK
INFO:     127.0.0.1:37254 - "GET /api/ipfs/upload HTTP/1.1" 200 OK
INFO:     127.0.0.1:37262 - "GET /api/ipfs/bafkreiabcdefghijklmnopqrstuvwxyz1234567890 HTTP/1.1" 200 OK
INFO:     127.0.0.1:37272 - "POST /api/ipfs/qr/generate HTTP/1.1" 422 Unprocessable Entity
INFO:     127.0.0.1:37286 - "GET /api/qr/info HTTP/1.1" 200 OK
INFO:     127.0.0.1:37288 - "POST /api/qr/generate HTTP/1.1" 200 OK
INFO:     127.0.0.1:37304 - "GET /api/qr/verify/770556864d9715aff1db23aee0be3a87%3A6ac1d9452bfb63bdbaad5f63edbcf12179b6c33b1abbc456639293da62402906d50013dad99be586d7a9ef47a71d106b39911e4bfacf86dd7d1e66d2dbdc54e17dc8697a959272013afe8d517f3bbe754b04058d0e3ebbc8fd344205890e74c306bb742de837612c7d9b1c2b15d8bd7aa9f1d138e9d57d0167aceddb57d1177e7f9b4d58470388514ba7f10e767fc7446fa146ca403263faf9656a733ddaa3f859cb655e396cf72d183db53a3080379455bc53431ae4e07d7294ea7b2bc2cb196652014ebb255fbb6e228af50ad6d8d0db96aeb87650ef4a01ccba348c201b1b16a21bf7552442afabd85b15c2a788186f02ef3a1798c1a5168330c58c7b6c54a4de5f5ed0833e4600225c1494c39243654384a7e7cde5d5fbe9fcb1e809369fc74687a23f03b88cf5df13f18965b014%3A4294d603c1d2ec541c6386d0825962082980c95552c490cfa10f438881efe20f HTTP/1.1" 200 OK
INFO:     127.0.0.1:37308 - "POST /api/qr/scan HTTP/1.1" 200 OK
INFO:     127.0.0.1:37316 - "POST /api/qr/refresh HTTP/1.1" 200 OK
INFO:     127.0.0.1:37330 - "POST /api/qr/generate-multi-chain HTTP/1.1" 200 OK
🔗 Initializing Multi-Chain Blockchain Service...
✅ Connected to Polygon PoS (Chain ID: 80002)
✅ Connected to L2 CDK (Chain ID: 2442)
✅ Loaded pos_hub contract
✅ Loaded l2_participant contract
INFO:     127.0.0.1:37334 - "GET /api/analytics/dashboard HTTP/1.1" 200 OK
🔗 Initializing Multi-Chain Blockchain Service...
✅ Connected to Polygon PoS (Chain ID: 80002)
✅ Connected to L2 CDK (Chain ID: 2442)
✅ Loaded pos_hub contract
✅ Loaded l2_participant contract
INFO:     127.0.0.1:37344 - "GET /api/analytics/supply-chain/flow HTTP/1.1" 200 OK
🔗 Initializing Multi-Chain Blockchain Service...
✅ Connected to Polygon PoS (Chain ID: 80002)
✅ Connected to L2 CDK (Chain ID: 2442)
✅ Loaded pos_hub contract
✅ Loaded l2_participant contract
INFO:     127.0.0.1:37358 - "GET /api/analytics/participants/activity HTTP/1.1" 200 OK
🔗 Initializing Multi-Chain Blockchain Service...
✅ Connected to Polygon PoS (Chain ID: 80002)
✅ Connected to L2 CDK (Chain ID: 2442)
✅ Loaded pos_hub contract
✅ Loaded l2_participant contract
INFO:     127.0.0.1:37366 - "GET /api/analytics/security/threats HTTP/1.1" 200 OK
🔗 Initializing Multi-Chain Blockchain Service...
✅ Connected to Polygon PoS (Chain ID: 80002)
✅ Connected to L2 CDK (Chain ID: 2442)
✅ Loaded pos_hub contract
✅ Loaded l2_participant contract
INFO:     127.0.0.1:37370 - "GET /api/analytics/performance/metrics HTTP/1.1" 200 OK
INFO:     127.0.0.1:37380 - "GET /api/products?limit=5 HTTP/1.1" 307 Temporary Redirect
🔗 Initializing Multi-Chain Blockchain Service...
✅ Connected to Polygon PoS (Chain ID: 80002)
✅ Connected to L2 CDK (Chain ID: 2442)
✅ Loaded pos_hub contract
✅ Loaded l2_participant contract
INFO:     127.0.0.1:37380 - "GET /api/products/?limit=5 HTTP/1.1" 200 OK
🔗 Initializing Multi-Chain Blockchain Service...
✅ Connected to Polygon PoS (Chain ID: 80002)
✅ Connected to L2 CDK (Chain ID: 2442)
✅ Loaded pos_hub contract
✅ Loaded l2_participant contract
INFO:     127.0.0.1:37396 - "GET /api/products/17486858695305 HTTP/1.1" 200 OK
🔗 Initializing Multi-Chain Blockchain Service...
✅ Connected to Polygon PoS (Chain ID: 80002)
✅ Connected to L2 CDK (Chain ID: 2442)
✅ Loaded pos_hub contract
✅ Loaded l2_participant contract
INFO:     127.0.0.1:37404 - "GET /api/products/17486858695305/history HTTP/1.1" 200 OK
🔗 Initializing Multi-Chain Blockchain Service...
✅ Connected to Polygon PoS (Chain ID: 80002)
✅ Connected to L2 CDK (Chain ID: 2442)
✅ Loaded pos_hub contract
✅ Loaded l2_participant contract
INFO:     127.0.0.1:37414 - "GET /api/products/17486858695305/qr HTTP/1.1" 200 OK
🔗 Initializing Multi-Chain Blockchain Service...
✅ Connected to Polygon PoS (Chain ID: 80002)
✅ Connected to L2 CDK (Chain ID: 2442)
✅ Loaded pos_hub contract
✅ Loaded l2_participant contract
🤖 Initializing Federated Learning Service...
✅ Global FL models initialized
✅ Federated Learning Service initialized
INFO:     127.0.0.1:57402 - "POST /api/products/17486858695305/analyze HTTP/1.1" 200 OK
🔗 Initializing Multi-Chain Blockchain Service...
✅ Connected to Polygon PoS (Chain ID: 80002)
✅ Connected to L2 CDK (Chain ID: 2442)
✅ Loaded pos_hub contract
✅ Loaded l2_participant contract
INFO:     127.0.0.1:57416 - "GET /api/products/statistics/overview HTTP/1.1" 200 OK
🔗 Initializing Multi-Chain Blockchain Service...
✅ Connected to Polygon PoS (Chain ID: 80002)
✅ Connected to L2 CDK (Chain ID: 2442)
✅ Loaded pos_hub contract
✅ Loaded l2_participant contract
INFO:     127.0.0.1:57428 - "GET /api/products/anomalies/recent HTTP/1.1" 200 OK
🔗 Initializing Multi-Chain Blockchain Service...
✅ Connected to Polygon PoS (Chain ID: 80002)
✅ Connected to L2 CDK (Chain ID: 2442)
✅ Loaded pos_hub contract
✅ Loaded l2_participant contract
INFO:     127.0.0.1:57440 - "GET /api/products/counterfeits/recent HTTP/1.1" 200 OK
