yarn run v1.22.22
warning ../../package.json: No license field
$ react-scripts start
Attempting to bind to HOST environment variable: 0.0.0.0
If this was unintentional, check that you haven't mistakenly set it in your shell.
Learn more here: https://cra.link/advanced-config

(node:13666) [DEP_WEBPACK_DEV_SERVER_ON_AFTER_SETUP_MIDDLEWARE] DeprecationWarning: 'onAfterSetupMiddleware' option is deprecated. Please use the 'setupMiddlewares' option.
(Use `node --trace-deprecation ...` to show where the warning was created)
(node:13666) [DEP_WEBPACK_DEV_SERVER_ON_BEFORE_SETUP_MIDDLEWARE] DeprecationWarning: 'onBeforeSetupMiddleware' option is deprecated. Please use the 'setupMiddlewares' option.
Starting the development server...

Failed to compile.

Syntax error: /app/multichain-chainflip/frontend/src/index.css The `border-border` class does not exist. If `border-border` is a custom class, make sure it is defined within a `@layer` directive. (1:1)
> 1 | @tailwind base;
    | ^
  2 | @tailwind components;
  3 | @tailwind utilities;
WARNING in [eslint] 
src/components/Layout/Sidebar.js
  Line 70:11:  The element ul has an implicit role of list. Defining this explicitly is redundant and should be avoided  jsx-a11y/no-redundant-roles

src/contexts/BlockchainContext.js
  Line 182:6:  React Hook useEffect has a missing dependency: 'connectWallet'. Either include it or remove the dependency array  react-hooks/exhaustive-deps

src/pages/Analytics.js
  Line 13:6:  React Hook useEffect has a missing dependency: 'fetchAnalytics'. Either include it or remove the dependency array  react-hooks/exhaustive-deps

src/pages/Dashboard.js
  Line 15:6:  React Hook useEffect has a missing dependency: 'fetchDashboardData'. Either include it or remove the dependency array  react-hooks/exhaustive-deps

src/pages/FederatedLearning.js
  Line 19:6:   React Hook useEffect has a missing dependency: 'fetchFLStatus'. Either include it or remove the dependency array  react-hooks/exhaustive-deps
  Line 66:15:  'result' is assigned a value but never used                                                                       no-unused-vars
  Line 94:15:  'result' is assigned a value but never used                                                                       no-unused-vars

src/pages/Participants.js
  Line 15:6:  React Hook useEffect has a missing dependency: 'fetchParticipants'. Either include it or remove the dependency array  react-hooks/exhaustive-deps

src/pages/Products.js
  Line 6:24:  'account' is assigned a value but never used                                                                      no-unused-vars
  Line 18:6:  React Hook useEffect has a missing dependency: 'fetchProducts'. Either include it or remove the dependency array  react-hooks/exhaustive-deps

src/pages/Settings.js
  Line 7:11:  'showSuccess' is assigned a value but never used  no-unused-vars
  Line 7:24:  'showError' is assigned a value but never used    no-unused-vars

ERROR in ./src/index.css (./node_modules/css-loader/dist/cjs.js??ruleSet[1].rules[1].oneOf[5].use[1]!./node_modules/postcss-loader/dist/cjs.js??ruleSet[1].rules[1].oneOf[5].use[2]!./node_modules/source-map-loader/dist/cjs.js!./src/index.css)
Module build failed (from ./node_modules/postcss-loader/dist/cjs.js):
SyntaxError

(1:1) /app/multichain-chainflip/frontend/src/index.css The `border-border` class does not exist. If `border-border` is a custom class, make sure it is defined within a `@layer` directive.

> 1 | @tailwind base;
    | ^
  2 | @tailwind components;
  3 | @tailwind utilities;

webpack compiled with 1 error and 1 warning
Compiling...
Failed to compile.

Syntax error: /app/multichain-chainflip/frontend/src/index.css The `bg-background` class does not exist. If `bg-background` is a custom class, make sure it is defined within a `@layer` directive. (1:1)
> 1 | @tailwind base;
    | ^
  2 | @tailwind components;
  3 | @tailwind utilities;
WARNING in [eslint] 
src/components/Layout/Sidebar.js
  Line 70:11:  The element ul has an implicit role of list. Defining this explicitly is redundant and should be avoided  jsx-a11y/no-redundant-roles

src/contexts/BlockchainContext.js
  Line 182:6:  React Hook useEffect has a missing dependency: 'connectWallet'. Either include it or remove the dependency array  react-hooks/exhaustive-deps

src/pages/Analytics.js
  Line 13:6:  React Hook useEffect has a missing dependency: 'fetchAnalytics'. Either include it or remove the dependency array  react-hooks/exhaustive-deps

src/pages/Dashboard.js
  Line 15:6:  React Hook useEffect has a missing dependency: 'fetchDashboardData'. Either include it or remove the dependency array  react-hooks/exhaustive-deps

src/pages/FederatedLearning.js
  Line 19:6:   React Hook useEffect has a missing dependency: 'fetchFLStatus'. Either include it or remove the dependency array  react-hooks/exhaustive-deps
  Line 66:15:  'result' is assigned a value but never used                                                                       no-unused-vars
  Line 94:15:  'result' is assigned a value but never used                                                                       no-unused-vars

src/pages/Participants.js
  Line 15:6:  React Hook useEffect has a missing dependency: 'fetchParticipants'. Either include it or remove the dependency array  react-hooks/exhaustive-deps

src/pages/Products.js
  Line 6:24:  'account' is assigned a value but never used                                                                      no-unused-vars
  Line 18:6:  React Hook useEffect has a missing dependency: 'fetchProducts'. Either include it or remove the dependency array  react-hooks/exhaustive-deps

src/pages/Settings.js
  Line 7:11:  'showSuccess' is assigned a value but never used  no-unused-vars
  Line 7:24:  'showError' is assigned a value but never used    no-unused-vars

ERROR in ./src/index.css (./node_modules/css-loader/dist/cjs.js??ruleSet[1].rules[1].oneOf[5].use[1]!./node_modules/postcss-loader/dist/cjs.js??ruleSet[1].rules[1].oneOf[5].use[2]!./node_modules/source-map-loader/dist/cjs.js!./src/index.css)
Module build failed (from ./node_modules/postcss-loader/dist/cjs.js):
SyntaxError

(1:1) /app/multichain-chainflip/frontend/src/index.css The `bg-background` class does not exist. If `bg-background` is a custom class, make sure it is defined within a `@layer` directive.

> 1 | @tailwind base;
    | ^
  2 | @tailwind components;
  3 | @tailwind utilities;

webpack compiled with 1 error and 1 warning
Compiling...
Compiled with warnings.

[eslint] 
src/components/Layout/Sidebar.js
  Line 70:11:  The element ul has an implicit role of list. Defining this explicitly is redundant and should be avoided  jsx-a11y/no-redundant-roles

src/contexts/BlockchainContext.js
  Line 182:6:  React Hook useEffect has a missing dependency: 'connectWallet'. Either include it or remove the dependency array  react-hooks/exhaustive-deps

src/pages/Analytics.js
  Line 13:6:  React Hook useEffect has a missing dependency: 'fetchAnalytics'. Either include it or remove the dependency array  react-hooks/exhaustive-deps

src/pages/Dashboard.js
  Line 15:6:  React Hook useEffect has a missing dependency: 'fetchDashboardData'. Either include it or remove the dependency array  react-hooks/exhaustive-deps

src/pages/FederatedLearning.js
  Line 19:6:   React Hook useEffect has a missing dependency: 'fetchFLStatus'. Either include it or remove the dependency array  react-hooks/exhaustive-deps
  Line 66:15:  'result' is assigned a value but never used                                                                       no-unused-vars
  Line 94:15:  'result' is assigned a value but never used                                                                       no-unused-vars

src/pages/Participants.js
  Line 15:6:  React Hook useEffect has a missing dependency: 'fetchParticipants'. Either include it or remove the dependency array  react-hooks/exhaustive-deps

src/pages/Products.js
  Line 6:24:  'account' is assigned a value but never used                                                                      no-unused-vars
  Line 18:6:  React Hook useEffect has a missing dependency: 'fetchProducts'. Either include it or remove the dependency array  react-hooks/exhaustive-deps

src/pages/Settings.js
  Line 7:11:  'showSuccess' is assigned a value but never used  no-unused-vars
  Line 7:24:  'showError' is assigned a value but never used    no-unused-vars

Search for the keywords to learn more about each warning.
To ignore, add // eslint-disable-next-line to the line before.

WARNING in [eslint] 
src/components/Layout/Sidebar.js
  Line 70:11:  The element ul has an implicit role of list. Defining this explicitly is redundant and should be avoided  jsx-a11y/no-redundant-roles

src/contexts/BlockchainContext.js
  Line 182:6:  React Hook useEffect has a missing dependency: 'connectWallet'. Either include it or remove the dependency array  react-hooks/exhaustive-deps

src/pages/Analytics.js
  Line 13:6:  React Hook useEffect has a missing dependency: 'fetchAnalytics'. Either include it or remove the dependency array  react-hooks/exhaustive-deps

src/pages/Dashboard.js
  Line 15:6:  React Hook useEffect has a missing dependency: 'fetchDashboardData'. Either include it or remove the dependency array  react-hooks/exhaustive-deps

src/pages/FederatedLearning.js
  Line 19:6:   React Hook useEffect has a missing dependency: 'fetchFLStatus'. Either include it or remove the dependency array  react-hooks/exhaustive-deps
  Line 66:15:  'result' is assigned a value but never used                                                                       no-unused-vars
  Line 94:15:  'result' is assigned a value but never used                                                                       no-unused-vars

src/pages/Participants.js
  Line 15:6:  React Hook useEffect has a missing dependency: 'fetchParticipants'. Either include it or remove the dependency array  react-hooks/exhaustive-deps

src/pages/Products.js
  Line 6:24:  'account' is assigned a value but never used                                                                      no-unused-vars
  Line 18:6:  React Hook useEffect has a missing dependency: 'fetchProducts'. Either include it or remove the dependency array  react-hooks/exhaustive-deps

src/pages/Settings.js
  Line 7:11:  'showSuccess' is assigned a value but never used  no-unused-vars
  Line 7:24:  'showError' is assigned a value but never used    no-unused-vars

webpack compiled with 1 warning
